-------------------------------------------------------------------------------
Test set: com.cdtn.computerstore.ComputerStoreApplicationTests
-------------------------------------------------------------------------------
Tests run: 1, Failures: 0, Errors: 1, Skipped: 0, Time elapsed: 5.375 s <<< FAILURE! - in com.cdtn.computerstore.ComputerStoreApplicationTests
contextLoads  Time elapsed: 0.002 s  <<< ERROR!
java.lang.IllegalStateException: Failed to load ApplicationContext for [WebMergedContextConfiguration@6e92c6ad testClass = com.cdtn.computerstore.ComputerStoreApplicationTests, locations = [], classes = [com.cdtn.computerstore.ComputerStoreApplication], contextInitializerClasses = [], activeProfiles = [], propertySourceLocations = [], propertySourceProperties = ["org.springframework.boot.test.context.SpringBootTestContextBootstrapper=true"], contextCustomizers = [org.springframework.boot.test.context.filter.ExcludeFilterContextCustomizer@20140db9, org.springframework.boot.test.json.DuplicateJsonObjectContextCustomizerFactory$DuplicateJsonObjectContextCustomizer@55a147cc, org.springframework.boot.test.mock.mockito.MockitoContextCustomizer@0, org.springframework.boot.test.web.client.TestRestTemplateContextCustomizer@6e6f2380, org.springframework.boot.test.autoconfigure.actuate.observability.ObservabilityContextCustomizerFactory$DisableObservabilityContextCustomizer@9da1, org.springframework.boot.test.autoconfigure.properties.PropertyMappingContextCustomizer@0, org.springframework.boot.test.autoconfigure.web.servlet.WebDriverContextCustomizerFactory$Customizer@795509d9, org.springframework.boot.test.context.SpringBootTestAnnotation@a2815468], resourceBasePath = "src/main/webapp", contextLoader = org.springframework.boot.test.context.SpringBootContextLoader, parent = null]
Caused by: org.springframework.beans.factory.BeanDefinitionStoreException: Failed to read candidate component class: file [C:\Users\quann\IdeaProjects\computer-store\computer-store\target\classes\com\cdtn\computerstore\enums\ProductEnum$Brand.class]
Caused by: java.lang.ArrayIndexOutOfBoundsException: Index 6 out of bounds for length 0

